#
# There is insufficient memory for the Java Runtime Environment to continue.
# Native memory allocation (mmap) failed to map 65536 bytes for Failed to commit area from 0x0000018097860000 to 0x0000018097870000 of length 65536.
# Possible reasons:
#   The system is out of physical RAM or swap space
#   The process is running with CompressedOops enabled, and the Java Heap may be blocking the growth of the native heap
# Possible solutions:
#   Reduce memory load on the system
#   Increase physical memory or swap space
#   Check if swap backing store is full
#   Decrease Java heap size (-Xmx/-Xms)
#   Decrease number of Java threads
#   Decrease Java thread stack sizes (-Xss)
#   Set larger code cache with -XX:ReservedCodeCacheSize=
# This output file may be truncated or incomplete.
#
#  Out of Memory Error (./src/hotspot/os/windows/os_windows.cpp:3380), pid=16168, tid=22780
#
# JRE version:  (11.0.12+7) (build )
# Java VM: OpenJDK 64-Bit Server VM (11.0.12+7, mixed mode, sharing, tiered, compressed oops, g1 gc, windows-amd64)
# No core dump will be written. Minidumps are not enabled by default on client versions of Windows
#

---------------  S U M M A R Y ------------

Command Line: com.xamarin.androidx.jetifierWrapper.Main -intermediate obj\Debug\100\androidx\_AndroidXJetifyEmbeddedFiles.jetify -parallel

Host: AMD Ryzen 7 5700G with Radeon Graphics         , 16 cores, 15G,  Windows 10 , 64 bit Build 19041 (10.0.19041.2251)
Time: Sun Nov 27 00:40:17 2022 Hora oficial do Brasil elapsed time: 0.009325 seconds (0d 0h 0m 0s)

---------------  T H R E A D  ---------------

Current thread (0x00000180f82ca800):  JavaThread "Unknown thread" [_thread_in_vm, id=22780, stack(0x0000003d6e700000,0x0000003d6e800000)]

Stack: [0x0000003d6e700000,0x0000003d6e800000]
Native frames: (J=compiled Java code, j=interpreted, Vv=VM code, C=native code)
V  [jvm.dll+0x6090fa]
V  [jvm.dll+0x79229e]
V  [jvm.dll+0x79396f]
V  [jvm.dll+0x794033]
V  [jvm.dll+0x24bed8]
V  [jvm.dll+0x60624a]
V  [jvm.dll+0x5facf5]
V  [jvm.dll+0x303b5c]
V  [jvm.dll+0x3039e2]
V  [jvm.dll+0x308820]
V  [jvm.dll+0x34d5f5]
V  [jvm.dll+0x34d000]
V  [jvm.dll+0x2e0c68]
V  [jvm.dll+0x2e1dc6]
V  [jvm.dll+0x76d627]
V  [jvm.dll+0x76edaf]
V  [jvm.dll+0x35a359]
V  [jvm.dll+0x750710]
V  [jvm.dll+0x3c1f8f]
V  [jvm.dll+0x3c4461]
C  [jli.dll+0x5207]
C  [ucrtbase.dll+0x21bb2]
C  [KERNEL32.DLL+0x174b4]
C  [ntdll.dll+0x526a1]


---------------  P R O C E S S  ---------------

Threads class SMR info:
_java_thread_list=0x00000180f6044600, length=0, elements={
}

Java Threads: ( => current thread )

Other Threads:
  0x00000180f82e4000 GCTaskThread "GC Thread#0" [stack: 0x0000003d6e800000,0x0000003d6e900000] [id=1412]
  0x00000180f8340000 ConcurrentGCThread "G1 Main Marker" [stack: 0x0000003d6e900000,0x0000003d6ea00000] [id=30460]
  0x00000180f8341800 ConcurrentGCThread "G1 Conc#0" [stack: 0x0000003d6ea00000,0x0000003d6eb00000] [id=1932]

[error occurred during error reporting (printing all threads), id 0xc0000005, EXCEPTION_ACCESS_VIOLATION (0xc0000005) at pc=0x00007ffec1010337]

VM state:not at safepoint (not fully initialized)

VM Mutex/Monitor currently owned by a thread:  ([mutex/lock_event])
[0x00000180f82c7d80] Heap_lock - owner thread: 0x00000180f82ca800

Heap address: 0x000000070a000000, size: 3936 MB, Compressed Oops mode: Non-zero based: 0x000000070a000000
Narrow klass base: 0x0000000000000000, Narrow klass shift: 0

GC Heap History (0 events):
No events

Deoptimization events (0 events):
No events

Classes redefined (0 events):
No events

Internal exceptions (0 events):
No events

Events (1 events):
Event: 0.005 Loaded shared library C:\Program Files\Microsoft\jdk-11.0.12.7-hotspot\bin\zip.dll


Dynamic libraries:
0x00007ff7ded90000 - 0x00007ff7ded9d000 	C:\Program Files\Microsoft\jdk-11.0.12.7-hotspot\bin\java.exe
0x00007fff23ef0000 - 0x00007fff240e8000 	C:\Windows\SYSTEM32\ntdll.dll
0x00007fff23aa0000 - 0x00007fff23b5f000 	C:\Windows\System32\KERNEL32.DLL
0x00007fff21b00000 - 0x00007fff21dd2000 	C:\Windows\System32\KERNELBASE.dll
0x00007fff21a00000 - 0x00007fff21b00000 	C:\Windows\System32\ucrtbase.dll
0x00007fff03880000 - 0x00007fff03897000 	C:\Program Files\Microsoft\jdk-11.0.12.7-hotspot\bin\jli.dll
0x00007ffeffc40000 - 0x00007ffeffc55000 	C:\Program Files\Microsoft\jdk-11.0.12.7-hotspot\bin\VCRUNTIME140.dll
0x00007fff236f0000 - 0x00007fff2388d000 	C:\Windows\System32\USER32.dll
0x00007ffef69a0000 - 0x00007ffef6c3a000 	C:\Windows\WinSxS\amd64_microsoft.windows.common-controls_6595b64144ccf1df_6.0.19041.1110_none_60b5254171f9507e\COMCTL32.dll
0x00007fff218f0000 - 0x00007fff21912000 	C:\Windows\System32\win32u.dll
0x00007fff23d50000 - 0x00007fff23d7b000 	C:\Windows\System32\GDI32.dll
0x00007fff23b60000 - 0x00007fff23bfe000 	C:\Windows\System32\msvcrt.dll
0x00007fff21620000 - 0x00007fff2172f000 	C:\Windows\System32\gdi32full.dll
0x00007fff217a0000 - 0x00007fff2183d000 	C:\Windows\System32\msvcp_win.dll
0x00007fff22cc0000 - 0x00007fff22cf2000 	C:\Windows\System32\IMM32.DLL
0x00007ffefcb30000 - 0x00007ffefcbcb000 	C:\Program Files\Microsoft\jdk-11.0.12.7-hotspot\bin\msvcp140.dll
0x00007ffec0d20000 - 0x00007ffec1881000 	C:\Program Files\Microsoft\jdk-11.0.12.7-hotspot\bin\server\jvm.dll
0x00007fff23ca0000 - 0x00007fff23d4e000 	C:\Windows\System32\ADVAPI32.dll
0x00007fff23c00000 - 0x00007fff23c9c000 	C:\Windows\System32\sechost.dll
0x00007fff232b0000 - 0x00007fff233d5000 	C:\Windows\System32\RPCRT4.dll
0x00007fff21fa0000 - 0x00007fff21fa8000 	C:\Windows\System32\PSAPI.DLL
0x00007ffef4cd0000 - 0x00007ffef4cd9000 	C:\Windows\SYSTEM32\WSOCK32.dll
0x00007fff13df0000 - 0x00007fff13e17000 	C:\Windows\SYSTEM32\WINMM.dll
0x00007fff1b830000 - 0x00007fff1b83a000 	C:\Windows\SYSTEM32\VERSION.dll
0x00007fff239d0000 - 0x00007fff23a3b000 	C:\Windows\System32\WS2_32.dll
0x00007fff1f4d0000 - 0x00007fff1f4e2000 	C:\Windows\SYSTEM32\kernel.appcore.dll
0x00007fff1ca80000 - 0x00007fff1ca90000 	C:\Program Files\Microsoft\jdk-11.0.12.7-hotspot\bin\verify.dll
0x00007fff19970000 - 0x00007fff19b54000 	C:\Windows\SYSTEM32\DBGHELP.DLL
0x00007fff19920000 - 0x00007fff1994c000 	C:\Windows\SYSTEM32\dbgcore.DLL
0x00007fff21970000 - 0x00007fff219f2000 	C:\Windows\System32\bcryptPrimitives.dll
0x00007ffefd1e0000 - 0x00007ffefd208000 	C:\Program Files\Microsoft\jdk-11.0.12.7-hotspot\bin\java.dll
0x00007fff1a8f0000 - 0x00007fff1a8fa000 	C:\Program Files\Microsoft\jdk-11.0.12.7-hotspot\bin\jimage.dll
0x00007ffefe1d0000 - 0x00007ffefe1e7000 	C:\Program Files\Microsoft\jdk-11.0.12.7-hotspot\bin\zip.dll

dbghelp: loaded successfully - version: 4.0.5 - missing functions: none
symbol engine: initialized successfully - sym options: 0x614 - pdb path: .;C:\Program Files\Microsoft\jdk-11.0.12.7-hotspot\bin;C:\Windows\SYSTEM32;C:\Windows\WinSxS\amd64_microsoft.windows.common-controls_6595b64144ccf1df_6.0.19041.1110_none_60b5254171f9507e;C:\Program Files\Microsoft\jdk-11.0.12.7-hotspot\bin\server

VM Arguments:
java_command: com.xamarin.androidx.jetifierWrapper.Main -intermediate obj\Debug\100\androidx\_AndroidXJetifyEmbeddedFiles.jetify -parallel
java_class_path (initial): C:\Users\Usuario\.nuget\packages\xamarin.androidx.migration\1.0.8\buildTransitive\monoandroid90\Tools/JetifierWrapper/jetifierWrapper-1.0.jar
Launcher Type: SUN_STANDARD

[Global flags]
     intx CICompilerCount                          = 12                                        {product} {ergonomic}
     uint ConcGCThreads                            = 3                                         {product} {ergonomic}
     uint G1ConcRefinementThreads                  = 13                                        {product} {ergonomic}
   size_t G1HeapRegionSize                         = 1048576                                   {product} {ergonomic}
    uintx GCDrainStackTargetSize                   = 64                                        {product} {ergonomic}
   size_t InitialHeapSize                          = 257949696                                 {product} {ergonomic}
   size_t MarkStackSize                            = 4194304                                   {product} {ergonomic}
   size_t MaxHeapSize                              = 4127195136                                {product} {ergonomic}
   size_t MinHeapDeltaBytes                        = 1048576                                   {product} {ergonomic}
    uintx NonNMethodCodeHeapSize                   = 7594288                                {pd product} {ergonomic}
    uintx NonProfiledCodeHeapSize                  = 122031976                              {pd product} {ergonomic}
    uintx ProfiledCodeHeapSize                     = 122031976                              {pd product} {ergonomic}
    uintx ReservedCodeCacheSize                    = 251658240                              {pd product} {ergonomic}
     bool SegmentedCodeCache                       = true                                      {product} {ergonomic}
     bool UseCompressedClassPointers               = true                                 {lp64_product} {ergonomic}
     bool UseCompressedOops                        = true                                 {lp64_product} {ergonomic}
     bool UseG1GC                                  = true                                      {product} {ergonomic}
     bool UseLargePagesIndividualAllocation        = false                                  {pd product} {ergonomic}

Logging:
Log output configuration:
 #0: stdout all=warning uptime,level,tags
 #1: stderr all=off uptime,level,tags

Environment Variables:
PATH=C:\Program Files\Microsoft\jdk-11.0.12.7-hotspot\bin;C:\Windows\system32;C:\Windows;C:\Windows\System32\Wbem;C:\Windows\System32\WindowsPowerShell\v1.0\;C:\Windows\System32\OpenSSH\;C:\Program Files\Microsoft SQL Server\150\Tools\Binn\;C:\Program Files\Microsoft SQL Server\Client SDK\ODBC\170\Tools\Binn\;C:\Program Files\dotnet\;C:\Program Files\NVIDIA Corporation\NVIDIA NvDLISR;C:\Program Files (x86)\NVIDIA Corporation\PhysX\Common;C:\Program Files\Microsoft SQL Server\130\Tools\Binn\;C:\Program Files (x86)\Microsoft SQL Server\150\Tools\Binn\;C:\Program Files\Microsoft SQL Server\150\DTS\Binn\;C:\Program Files (x86)\Microsoft SQL Server\150\DTS\Binn\;C:\Program Files\Azure Data Studio\bin;C:\Program Files\Git\cmd;C:\Program Files (x86)\IncrediBuild;C:\Program Files\MySQL\MySQL Shell 8.0\bin\;C:\Users\Usuario\AppData\Local\Programs\Python\Python310\Scripts\;C:\Users\Usuario\AppData\Local\Programs\Python\Python310\;C:\Users\Usuario\AppData\Local\Microsoft\WindowsApps;;C:\Users\Usuario\AppData\Local\Programs\Microsoft VS Code\bin;C:\Users\Usuario\.dotnet\tools;C:\Program Files\Azure Data Studio\bin
USERNAME=Usuario
OS=Windows_NT
PROCESSOR_IDENTIFIER=AMD64 Family 25 Model 80 Stepping 0, AuthenticAMD



---------------  S Y S T E M  ---------------

OS: Windows 10 , 64 bit Build 19041 (10.0.19041.2251)
OS uptime: 15 days 23:59 hours

CPU:total 16 (initial active 16) (16 cores per cpu, 2 threads per core) family 25 model 80 stepping 0 microcode 0x0, cmov, cx8, fxsr, mmx, sse, sse2, sse3, ssse3, sse4.1, sse4.2, popcnt, avx, avx2, aes, clmul, erms, mmxext, 3dnowpref, lzcnt, sse4a, ht, tsc, tscinvbit, tscinv, bmi1, bmi2, adx, sha, fma

Memory: 4k page, system-wide physical 15741M (1541M free)
TotalPageFile size 45471M (AvailPageFile size 3M)
current process WorkingSet (physical memory assigned to process): 14M, peak: 14M
current process commit charge ("private bytes"): 323M, peak: 323M

vm_info: OpenJDK 64-Bit Server VM (11.0.12+7) for windows-amd64 JRE (11.0.12+7), built on Jul 21 2021 15:41:43 by "" with unknown MS VC++:1916

END.
